<?xml version="1.0" encoding="UTF-8"?>
<!-- Generated by org.testng.reporters.JUnitReportReporter -->
<testsuite hostname="DESKTOP-E8B2JUG" failures="0" tests="1" name="qaclickacademy.Mavenjava.RESRAPITest" time="0.015" errors="0" timestamp="2021-12-30T14:03:10 PST" skipped="0">
  <testcase classname="qaclickacademy.Mavenjava.RESRAPITest" name="BrowserAutomation" time="0.015"/>
  <system-out/>
</testsuite> <!-- qaclickacademy.Mavenjava.RESRAPITest -->
