<?xml version="1.0" encoding="UTF-8"?>
<!-- Generated by org.testng.reporters.JUnitReportReporter -->
<testsuite skipped="0" hostname="DESKTOP-E8B2JUG" name="qaclickacademy.Mavenjava.RESRAPITest" tests="2" failures="0" timestamp="2021-12-30T19:07:21 SGT" time="0.002" errors="0">
  <testcase name="deleteTwitter" time="0.001" classname="qaclickacademy.Mavenjava.RESRAPITest"/>
  <system-out/>
  <testcase name="postJira" time="0.001" classname="qaclickacademy.Mavenjava.RESRAPITest"/>
  <system-out/>
</testsuite> <!-- qaclickacademy.Mavenjava.RESRAPITest -->
