<?xml version="1.0" encoding="UTF-8"?>
<!-- Generated by org.testng.reporters.JUnitReportReporter -->
<testsuite skipped="0" hostname="DESKTOP-E8B2JUG" name="qaclickacademy.Mavenjava.AppuimTest" tests="2" failures="0" timestamp="2021-12-30T19:07:21 SGT" time="0.009" errors="0">
  <testcase name="IOSApps" time="0.009" classname="qaclickacademy.Mavenjava.AppuimTest"/>
  <system-out/>
  <testcase name="NativeAppAndroid" time="0.000" classname="qaclickacademy.Mavenjava.AppuimTest"/>
  <system-out/>
</testsuite> <!-- qaclickacademy.Mavenjava.AppuimTest -->
